  [1m[36m (0.9ms)[0m  [1mCREATE TABLE "schema_migrations" ("version" varchar(255) NOT NULL) [0m
  [1m[35m (0.4ms)[0m  select sqlite_version(*)
  [1m[36m (0.8ms)[0m  [1mCREATE UNIQUE INDEX "unique_schema_migrations" ON "schema_migrations" ("version")[0m
  [1m[35mActiveRecord::SchemaMigration Load (0.1ms)[0m  SELECT "schema_migrations".* FROM "schema_migrations"
  [1m[36mActiveRecord::SchemaMigration Load (0.1ms)[0m  [1mSELECT "schema_migrations".* FROM "schema_migrations"[0m
Migrating to CreateBar (20141121222528)
  [1m[36mActiveRecord::SchemaMigration Load (0.1ms)[0m  [1mSELECT "schema_migrations".* FROM "schema_migrations"[0m
Migrating to CreateBar (20141121222528)
  [1m[35m (0.0ms)[0m  begin transaction
  [1m[36m (0.3ms)[0m  [1mCREATE TABLE "bars" ("id" INTEGER PRIMARY KEY AUTOINCREMENT NOT NULL, "name" varchar(255), "location" varchar(255), "hours_operation" varchar(255), "phone_number" varchar(255), "description" varchar(255), "picture" varchar(255), "url" varchar(255)) [0m
  [1m[35mSQL (0.2ms)[0m  INSERT INTO "schema_migrations" ("version") VALUES (?)  [["version", "20141121222528"]]
  [1m[36m (2.4ms)[0m  [1mcommit transaction[0m
Migrating to CreateDay (20141121222816)
  [1m[35m (0.1ms)[0m  begin transaction
  [1m[36m (0.3ms)[0m  [1mCREATE TABLE "days" ("id" INTEGER PRIMARY KEY AUTOINCREMENT NOT NULL, "Monday" varchar(255), "Tuesday" varchar(255), "Wednesday" varchar(255), "Thursday" varchar(255), "Friday" varchar(255), "Satday" varchar(255), "Sunday" varchar(255)) [0m
  [1m[35mSQL (0.1ms)[0m  INSERT INTO "schema_migrations" ("version") VALUES (?)  [["version", "20141121222816"]]
  [1m[36m (0.7ms)[0m  [1mcommit transaction[0m
Migrating to CreateSpecial (20141121223108)
  [1m[35m (0.0ms)[0m  begin transaction
  [1m[36m (0.2ms)[0m  [1mCREATE TABLE "specials" ("id" INTEGER PRIMARY KEY AUTOINCREMENT NOT NULL, "day_id" integer, "bar_id" integer, "info" varchar(255)) [0m
  [1m[35mSQL (0.1ms)[0m  INSERT INTO "schema_migrations" ("version") VALUES (?)  [["version", "20141121223108"]]
  [1m[36m (0.6ms)[0m  [1mcommit transaction[0m
  [1m[35mActiveRecord::SchemaMigration Load (0.1ms)[0m  SELECT "schema_migrations".* FROM "schema_migrations"
